0 info it worked if it ends with ok
1 verbose cli [ 'node',
1 verbose cli   '/usr/local/bin/npm',
1 verbose cli   'install',
1 verbose cli   '-g',
1 verbose cli   'bower',
1 verbose cli   'jquery#1.9.1' ]
2 info using npm@2.5.1
3 info using node@v0.12.0
4 verbose node symlink /usr/local/bin/node
5 silly cache add args [ 'bower', null ]
6 verbose cache add spec bower
7 silly cache add args [ 'jquery#1.9.1', null ]
8 verbose cache add spec jquery#1.9.1
9 silly cache add parsed spec { raw: 'bower',
9 silly cache add   scope: null,
9 silly cache add   name: 'bower',
9 silly cache add   rawSpec: '',
9 silly cache add   spec: '*',
9 silly cache add   type: 'range' }
10 verbose addNamed bower@*
11 silly addNamed semver.valid null
12 silly addNamed semver.validRange *
13 silly addNameRange { name: 'bower', range: '*', hasData: false }
14 silly mapToRegistry name bower
15 silly mapToRegistry using default registry
16 silly mapToRegistry registry https://registry.npmjs.org/
17 silly mapToRegistry uri https://registry.npmjs.org/bower
18 verbose addNameRange registry:https://registry.npmjs.org/bower not in flight; fetching
19 silly cache add parsed spec { raw: 'jquery#1.9.1',
19 silly cache add   scope: null,
19 silly cache add   name: null,
19 silly cache add   rawSpec: 'jquery#1.9.1',
19 silly cache add   spec: '/Users/maburkle/Projects/CivicCommons/jquery#1.9.1',
19 silly cache add   type: 'local' }
20 error addLocal Could not install /Users/maburkle/Projects/CivicCommons/jquery#1.9.1
21 verbose request uri https://registry.npmjs.org/bower
22 verbose request no auth needed
23 info attempt registry request try #1 at 13:51:47
24 verbose request id 2480fff726a5395c
25 verbose etag "CVWVW6RS64OZR5NYTJ6I1H77P"
26 http request GET https://registry.npmjs.org/bower
27 http 304 https://registry.npmjs.org/bower
28 silly get cb [ 304,
28 silly get   { date: 'Tue, 01 Sep 2015 17:51:47 GMT',
28 silly get     via: '1.1 varnish',
28 silly get     'cache-control': 'max-age=60',
28 silly get     etag: '"CVWVW6RS64OZR5NYTJ6I1H77P"',
28 silly get     age: '56',
28 silly get     connection: 'keep-alive',
28 silly get     'x-served-by': 'cache-dfw1827-DFW',
28 silly get     'x-cache': 'HIT',
28 silly get     'x-cache-hits': '1',
28 silly get     'x-timer': 'S1441129907.641594,VS0,VE0',
28 silly get     vary: 'Accept' } ]
29 verbose etag https://registry.npmjs.org/bower from cache
30 verbose get saving bower to /Users/maburkle/.npm/registry.npmjs.org/bower/.cache.json
31 silly addNameRange number 2 { name: 'bower', range: '*', hasData: true }
32 silly addNameRange versions [ 'bower',
32 silly addNameRange   [ '0.1.0',
32 silly addNameRange     '0.1.2',
32 silly addNameRange     '0.1.3',
32 silly addNameRange     '0.2.0',
32 silly addNameRange     '0.3.0',
32 silly addNameRange     '0.3.1',
32 silly addNameRange     '0.3.2',
32 silly addNameRange     '0.4.0',
32 silly addNameRange     '0.5.0',
32 silly addNameRange     '0.5.1',
32 silly addNameRange     '0.6.0',
32 silly addNameRange     '0.6.1',
32 silly addNameRange     '0.6.2',
32 silly addNameRange     '0.6.3',
32 silly addNameRange     '0.6.4',
32 silly addNameRange     '0.6.5',
32 silly addNameRange     '0.6.6',
32 silly addNameRange     '0.6.7',
32 silly addNameRange     '0.6.8',
32 silly addNameRange     '0.7.0',
32 silly addNameRange     '0.7.1',
32 silly addNameRange     '0.8.0',
32 silly addNameRange     '0.8.1',
32 silly addNameRange     '0.8.2',
32 silly addNameRange     '0.8.3',
32 silly addNameRange     '0.8.4',
32 silly addNameRange     '0.8.5',
32 silly addNameRange     '0.8.6',
32 silly addNameRange     '0.9.0',
32 silly addNameRange     '0.9.1',
32 silly addNameRange     '0.9.2',
32 silly addNameRange     '0.10.0',
32 silly addNameRange     '1.0.0',
32 silly addNameRange     '1.0.1',
32 silly addNameRange     '1.0.2',
32 silly addNameRange     '1.0.3',
32 silly addNameRange     '1.1.0',
32 silly addNameRange     '1.1.1',
32 silly addNameRange     '1.1.2',
32 silly addNameRange     '1.2.0',
32 silly addNameRange     '1.2.1',
32 silly addNameRange     '1.2.2',
32 silly addNameRange     '1.2.3',
32 silly addNameRange     '1.2.4',
32 silly addNameRange     '1.2.5',
32 silly addNameRange     '1.2.6',
32 silly addNameRange     '1.2.7',
32 silly addNameRange     '1.2.8',
32 silly addNameRange     '1.3.0',
32 silly addNameRange     '1.3.1',
32 silly addNameRange     '1.3.2',
32 silly addNameRange     '1.3.3',
32 silly addNameRange     '1.3.4',
32 silly addNameRange     '1.3.5',
32 silly addNameRange     '1.3.6',
32 silly addNameRange     '1.3.7',
32 silly addNameRange     '1.3.8',
32 silly addNameRange     '1.3.9',
32 silly addNameRange     '1.3.10',
32 silly addNameRange     '1.3.11',
32 silly addNameRange     '1.3.12',
32 silly addNameRange     '1.4.0',
32 silly addNameRange     '1.4.1',
32 silly addNameRange     '1.5.0',
32 silly addNameRange     '1.5.1',
32 silly addNameRange     '1.5.2' ] ]
33 verbose addNamed bower@1.5.2
34 silly addNamed semver.valid 1.5.2
35 silly addNamed semver.validRange 1.5.2
36 silly cache afterAdd bower@1.5.2
37 verbose afterAdd /Users/maburkle/.npm/bower/1.5.2/package/package.json not in flight; writing
38 verbose afterAdd /Users/maburkle/.npm/bower/1.5.2/package/package.json written
39 verbose stack Error: ENOENT, open '/Users/maburkle/Projects/CivicCommons/jquery#1.9.1'
39 verbose stack     at Error (native)
40 verbose cwd /Users/maburkle/Projects/CivicCommons
41 error Darwin 14.4.0
42 error argv "node" "/usr/local/bin/npm" "install" "-g" "bower" "jquery#1.9.1"
43 error node v0.12.0
44 error npm  v2.5.1
45 error path /Users/maburkle/Projects/CivicCommons/jquery#1.9.1
46 error code ENOENT
47 error errno -2
48 error enoent ENOENT, open '/Users/maburkle/Projects/CivicCommons/jquery#1.9.1'
48 error enoent This is most likely not a problem with npm itself
48 error enoent and is related to npm not being able to find a file.
49 verbose exit [ -2, true ]
